<?xml version="1.0" encoding="UTF-8"?>
<testsuite name="ComputerRepairRequestTest" tests="2" skipped="0" failures="0" errors="0" timestamp="2023-03-15T13:37:18" hostname="DESKTOP-GAQSC82" time="0.016">
  <properties/>
  <testcase name="FirstTest" classname="ComputerRepairRequestTest" time="0.015"/>
  <testcase name="SecondTest" classname="ComputerRepairRequestTest" time="0.001"/>
  <system-out><![CDATA[]]></system-out>
  <system-err><![CDATA[]]></system-err>
</testsuite>
